<?xml version="1.0" encoding="UTF-8"?>
<!-- Generated by org.testng.reporters.JUnitReportReporter -->
<testsuite hostname="Hudha_Umer" failures="0" tests="9" name="seleniumfirstpkg.LinkTextPgm" time="126.979" errors="0" timestamp="2025-02-07T13:34:00 IST" skipped="0">
  <testcase classname="seleniumfirstpkg.LinkTextPgm" name="linkTestPrinting" time="21.053"/>
  <system-out/>
  <testcase classname="seleniumfirstpkg.LinkTextPgm" name="partialLinkText" time="73.089"/>
  <system-out/>
  <testcase classname="seleniumfirstpkg.LinkTextPgm" name="handleTwoWindows" time="18.927"/>
  <system-out/>
  <testcase classname="seleniumfirstpkg.LinkTextPgm" name="multipleWindowHandle" time="3.075"/>
  <system-out/>
  <testcase classname="seleniumfirstpkg.LinkTextPgm" name="checkBoxSelect" time="2.685"/>
  <system-out/>
  <testcase classname="seleniumfirstpkg.LinkTextPgm" name="alerthandle" time="0.560"/>
  <system-out/>
  <testcase classname="seleniumfirstpkg.LinkTextPgm" name="handlenormalDropdown" time="6.838"/>
  <system-out/>
  <testcase classname="seleniumfirstpkg.LinkTextPgm" name="dragAndDroppgm" time="0.442"/>
  <system-out/>
  <testcase classname="seleniumfirstpkg.LinkTextPgm" name="sliderHandle" time="0.310"/>
  <system-out/>
</testsuite> <!-- seleniumfirstpkg.LinkTextPgm -->
