<?xml version="1.0" encoding="UTF-8"?>
<!-- Generated by org.testng.reporters.JUnitReportReporter -->
<testsuite hostname="Hudha_Umer" failures="0" tests="1" name="seleniumfirstpkg.FileuploadRcpgm" time="3.488" errors="0" timestamp="2025-01-24T12:12:48 IST" skipped="0">
  <testcase classname="seleniumfirstpkg.FileuploadRcpgm" name="test1" time="3.488"/>
  <system-out/>
</testsuite> <!-- seleniumfirstpkg.FileuploadRcpgm -->
