<?xml version="1.0" encoding="UTF-8"?>
<!-- Generated by org.testng.reporters.JUnitReportReporter -->
<testsuite hostname="Hudha_Umer" failures="0" tests="4" name="seleniumfirstpkg.Testngfirst" time="2.980" errors="0" timestamp="2025-01-23T18:56:26 IST" skipped="0">
  <testcase classname="seleniumfirstpkg.Testngfirst" name="screenshotMethodelement" time="0.185"/>
  <system-out/>
  <testcase classname="seleniumfirstpkg.Testngfirst" name="searchon" time="0.456"/>
  <system-out/>
  <testcase classname="seleniumfirstpkg.Testngfirst" name="linkvalidation" time="2.229"/>
  <system-out/>
  <testcase classname="seleniumfirstpkg.Testngfirst" name="screenshotMethod" time="0.110"/>
  <system-out/>
</testsuite> <!-- seleniumfirstpkg.Testngfirst -->
