<?xml version="1.0" encoding="UTF-8"?>
<!-- Generated by org.testng.reporters.JUnitReportReporter -->
<testsuite hostname="Hudha_Umer" failures="0" tests="3" name="seleniumfirstpkg.Redifftest" time="1.040" errors="0" timestamp="2025-01-23T19:56:07 IST" skipped="0">
  <testcase classname="seleniumfirstpkg.Redifftest" name="dropdownselect" time="0.231"/>
  <system-out/>
  <testcase classname="seleniumfirstpkg.Redifftest" name="btnText" time="0.068"/>
  <system-out/>
  <testcase classname="seleniumfirstpkg.Redifftest" name="handleusingrobotclass" time="0.741"/>
  <system-out/>
</testsuite> <!-- seleniumfirstpkg.Redifftest -->
